---------------------------------------------------------------
[ 2018-03-08T23:10:15+08:00 ] 127.0.0.1 127.0.0.1 POST /admin/index/clear.html
[ info ] test.hiv.com/admin/index/clear.html [运行时间：0.024002s][吞吐率：41.66req/s] [内存消耗：1,373.52kb] [文件加载：47]
[ info ] [ LANG ] E:\www\hiv\think\lang\zh-cn.php
[ info ] [ ROUTE ] array (
  'type' => 'module',
  'module' => 
  array (
    0 => 'admin',
    1 => 'index',
    2 => 'clear',
  ),
)
[ info ] [ HEADER ] array (
  'cookie' => 'PHPSESSID=r5r6o4gm8e9iem8183ogdgu5s2; skin=0',
  'accept-language' => 'zh-CN,zh;q=0.8,en;q=0.6',
  'accept-encoding' => 'gzip, deflate',
  'referer' => 'http://test.hiv.com/admin/index/index.html',
  'user-agent' => 'Mozilla/5.0 (Windows NT 6.1; WOW64) AppleWebKit/537.36 (KHTML, like Gecko) Chrome/55.0.2883.87 Safari/537.36',
  'x-requested-with' => 'XMLHttpRequest',
  'origin' => 'http://test.hiv.com',
  'accept' => '*/*',
  'content-length' => '0',
  'connection' => 'close',
  'host' => 'test.hiv.com',
)
[ info ] [ PARAM ] array (
)
[ info ] [ LANG ] E:\www\hiv/app/admin\lang\zh-cn.php
[ info ] [ SESSION ] INIT array (
  'id' => '',
  'var_session_id' => '',
  'prefix' => 'think',
  'type' => '',
  'auto_start' => true,
)
[ info ] [ RUN ] app\admin\controller\Index->clear[ E:\www\hiv\app\admin\controller\Index.php ]
[ info ] [ LOG ] INIT File
---------------------------------------------------------------
[ 2018-03-08T23:10:19+08:00 ] 127.0.0.1 127.0.0.1 GET /admin/index/index.html
[ info ] test.hiv.com/admin/index/index.html [运行时间：1.217069s][吞吐率：0.82req/s] [内存消耗：2,221.58kb] [文件加载：55]
[ info ] [ LANG ] E:\www\hiv\think\lang\zh-cn.php
[ info ] [ ROUTE ] array (
  'type' => 'module',
  'module' => 
  array (
    0 => 'admin',
    1 => 'index',
    2 => 'index',
  ),
)
[ info ] [ HEADER ] array (
  'cookie' => 'PHPSESSID=r5r6o4gm8e9iem8183ogdgu5s2; skin=0',
  'accept-language' => 'zh-CN,zh;q=0.8,en;q=0.6',
  'accept-encoding' => 'gzip, deflate, sdch',
  'referer' => 'http://test.hiv.com/admin/index/index.html',
  'accept' => 'text/html,application/xhtml+xml,application/xml;q=0.9,image/webp,*/*;q=0.8',
  'user-agent' => 'Mozilla/5.0 (Windows NT 6.1; WOW64) AppleWebKit/537.36 (KHTML, like Gecko) Chrome/55.0.2883.87 Safari/537.36',
  'upgrade-insecure-requests' => '1',
  'connection' => 'close',
  'host' => 'test.hiv.com',
)
[ info ] [ PARAM ] array (
)
[ info ] [ LANG ] E:\www\hiv/app/admin\lang\zh-cn.php
[ info ] [ SESSION ] INIT array (
  'id' => '',
  'var_session_id' => '',
  'prefix' => 'think',
  'type' => '',
  'auto_start' => true,
)
[ info ] [ DB ] INIT mysql
[ info ] [ RUN ] app\admin\controller\Index->index[ E:\www\hiv\app\admin\controller\Index.php ]
[ info ] [ CACHE ] INIT File
[ info ] [ VIEW ] E:\www\hiv/app/admin\view\index\index.html [ array (
  0 => 'menus',
) ]
[ info ] [ LOG ] INIT File
[ sql ] [ DB ] CONNECT:[ UseTime:0.079004s ] mysql:dbname=aijiance;host=123.56.90.223;port=3306;charset=utf8
[ sql ] [ SQL ] SHOW COLUMNS FROM `ajc_module` [ RunTime:0.055003s ]
[ sql ] [ SQL ] SELECT * FROM `ajc_module` ORDER BY `listorder` [ RunTime:0.052003s ]
[ sql ] [ SQL ] SHOW COLUMNS FROM `ajc_role` [ RunTime:0.056003s ]
[ sql ] [ SQL ] SELECT * FROM `ajc_role` ORDER BY `listorder` [ RunTime:0.053003s ]
[ sql ] [ SQL ] SHOW COLUMNS FROM `ajc_category` [ RunTime:0.055003s ]
[ sql ] [ SQL ] SELECT * FROM `ajc_category` ORDER BY `listorder` [ RunTime:0.054003s ]
[ sql ] [ SQL ] SHOW COLUMNS FROM `ajc_posid` [ RunTime:0.054003s ]
[ sql ] [ SQL ] SELECT * FROM `ajc_posid` ORDER BY `listorder` [ RunTime:0.053003s ]
[ sql ] [ SQL ] SHOW COLUMNS FROM `ajc_field` [ RunTime:0.054003s ]
[ sql ] [ SQL ] SELECT * FROM `ajc_field` WHERE  (  moduleid=1 ) ORDER BY `listorder` [ RunTime:0.054003s ]
[ sql ] [ SQL ] SELECT * FROM `ajc_field` WHERE  (  moduleid=2 ) ORDER BY `listorder` [ RunTime:0.054003s ]
[ sql ] [ SQL ] SELECT * FROM `ajc_field` WHERE  (  moduleid=3 ) ORDER BY `listorder` [ RunTime:0.055003s ]
[ sql ] [ SQL ] SELECT * FROM `ajc_field` WHERE  (  moduleid=4 ) ORDER BY `listorder` [ RunTime:0.054003s ]
[ sql ] [ SQL ] SELECT * FROM `ajc_field` WHERE  (  moduleid=5 ) ORDER BY `listorder` [ RunTime:0.055003s ]
[ sql ] [ SQL ] SELECT * FROM `ajc_field` WHERE  (  moduleid=6 ) ORDER BY `listorder` [ RunTime:0.054004s ]
[ sql ] [ SQL ] SELECT * FROM `ajc_field` WHERE  (  moduleid=9 ) ORDER BY `listorder` [ RunTime:0.054003s ]
[ sql ] [ SQL ] SHOW COLUMNS FROM `ajc_system` [ RunTime:0.056003s ]
[ sql ] [ SQL ] SELECT * FROM `ajc_system` WHERE  `id` = 1 LIMIT 1 [ RunTime:0.054003s ]
[ sql ] [ SQL ] SHOW COLUMNS FROM `ajc_auth_rule` [ RunTime:0.057004s ]
[ sql ] [ SQL ] SELECT * FROM `ajc_auth_rule` WHERE  (  menustatus=1 ) ORDER BY `sort` [ RunTime:0.055003s ]
---------------------------------------------------------------
[ 2018-03-08T23:10:19+08:00 ] 127.0.0.1 127.0.0.1 GET /admin/index/main.html
[ info ] test.hiv.com/admin/index/main.html [运行时间：0.170010s][吞吐率：5.88req/s] [内存消耗：1,610.65kb] [文件加载：52]
[ info ] [ LANG ] E:\www\hiv\think\lang\zh-cn.php
[ info ] [ ROUTE ] array (
  'type' => 'module',
  'module' => 
  array (
    0 => 'admin',
    1 => 'index',
    2 => 'main',
  ),
)
[ info ] [ HEADER ] array (
  'cookie' => 'skin=0; PHPSESSID=r5r6o4gm8e9iem8183ogdgu5s2; skin=0',
  'accept-language' => 'zh-CN,zh;q=0.8,en;q=0.6',
  'accept-encoding' => 'gzip, deflate, sdch',
  'referer' => 'http://test.hiv.com/admin/index/index.html',
  'accept' => 'text/html,application/xhtml+xml,application/xml;q=0.9,image/webp,*/*;q=0.8',
  'user-agent' => 'Mozilla/5.0 (Windows NT 6.1; WOW64) AppleWebKit/537.36 (KHTML, like Gecko) Chrome/55.0.2883.87 Safari/537.36',
  'upgrade-insecure-requests' => '1',
  'connection' => 'close',
  'host' => 'test.hiv.com',
)
[ info ] [ PARAM ] array (
)
[ info ] [ LANG ] E:\www\hiv/app/admin\lang\zh-cn.php
[ info ] [ SESSION ] INIT array (
  'id' => '',
  'var_session_id' => '',
  'prefix' => 'think',
  'type' => '',
  'auto_start' => true,
)
[ info ] [ RUN ] app\admin\controller\Index->main[ E:\www\hiv\app\admin\controller\Index.php ]
[ info ] [ DB ] INIT mysql
[ info ] [ VIEW ] E:\www\hiv/app/admin\view\index\main.html [ array (
  0 => 'config',
) ]
[ info ] [ LOG ] INIT File
[ sql ] [ DB ] CONNECT:[ UseTime:0.088005s ] mysql:dbname=aijiance;host=123.56.90.223;port=3306;charset=utf8
[ sql ] [ SQL ] SELECT VERSION() AS ver [ RunTime:0.057003s ]
---------------------------------------------------------------
[ 2018-03-08T23:10:21+08:00 ] 127.0.0.1 127.0.0.1 GET /admin/Category/index.html
[ info ] test.hiv.com/admin/Category/index.html [运行时间：0.030002s][吞吐率：33.33req/s] [内存消耗：2,101.36kb] [文件加载：56]
[ info ] [ LANG ] E:\www\hiv\think\lang\zh-cn.php
[ info ] [ ROUTE ] array (
  'type' => 'module',
  'module' => 
  array (
    0 => 'admin',
    1 => 'Category',
    2 => 'index',
  ),
)
[ info ] [ HEADER ] array (
  'cookie' => 'skin=0; PHPSESSID=r5r6o4gm8e9iem8183ogdgu5s2; skin=0',
  'accept-language' => 'zh-CN,zh;q=0.8,en;q=0.6',
  'accept-encoding' => 'gzip, deflate, sdch',
  'referer' => 'http://test.hiv.com/admin/index/index.html',
  'accept' => 'text/html,application/xhtml+xml,application/xml;q=0.9,image/webp,*/*;q=0.8',
  'user-agent' => 'Mozilla/5.0 (Windows NT 6.1; WOW64) AppleWebKit/537.36 (KHTML, like Gecko) Chrome/55.0.2883.87 Safari/537.36',
  'upgrade-insecure-requests' => '1',
  'connection' => 'close',
  'host' => 'test.hiv.com',
)
[ info ] [ PARAM ] array (
)
[ info ] [ LANG ] E:\www\hiv/app/admin\lang\zh-cn.php
[ info ] [ SESSION ] INIT array (
  'id' => '',
  'var_session_id' => '',
  'prefix' => 'think',
  'type' => '',
  'auto_start' => true,
)
[ info ] [ DB ] INIT mysql
[ info ] [ RUN ] app\admin\controller\Category->index[ E:\www\hiv\app\admin\controller\Category.php ]
[ info ] [ VIEW ] E:\www\hiv/app/admin\view\category\index.html [ array (
  0 => 'module',
  1 => 'categorys',
  2 => 'title',
) ]
[ info ] [ LOG ] INIT File
---------------------------------------------------------------
[ 2018-03-08T23:10:23+08:00 ] 127.0.0.1 127.0.0.1 GET /admin/jiancedian/index/catid/22.html
[ info ] test.hiv.com/admin/jiancedian/index/catid/22.html [运行时间：0.023002s][吞吐率：43.47req/s] [内存消耗：2,114.77kb] [文件加载：56]
[ info ] [ LANG ] E:\www\hiv\think\lang\zh-cn.php
[ info ] [ ROUTE ] array (
  'type' => 'module',
  'module' => 
  array (
    0 => 'admin',
    1 => 'jiancedian',
    2 => 'index',
  ),
)
[ info ] [ HEADER ] array (
  'cookie' => 'skin=0; skin=0; PHPSESSID=r5r6o4gm8e9iem8183ogdgu5s2; skin=0',
  'accept-language' => 'zh-CN,zh;q=0.8,en;q=0.6',
  'accept-encoding' => 'gzip, deflate, sdch',
  'referer' => 'http://test.hiv.com/admin/Category/index.html',
  'accept' => 'text/html,application/xhtml+xml,application/xml;q=0.9,image/webp,*/*;q=0.8',
  'user-agent' => 'Mozilla/5.0 (Windows NT 6.1; WOW64) AppleWebKit/537.36 (KHTML, like Gecko) Chrome/55.0.2883.87 Safari/537.36',
  'upgrade-insecure-requests' => '1',
  'connection' => 'close',
  'host' => 'test.hiv.com',
)
[ info ] [ PARAM ] array (
  'catid' => '22',
)
[ info ] [ LANG ] E:\www\hiv/app/admin\lang\zh-cn.php
[ info ] [ SESSION ] INIT array (
  'id' => '',
  'var_session_id' => '',
  'prefix' => 'think',
  'type' => '',
  'auto_start' => true,
)
[ info ] [ DB ] INIT mysql
[ info ] [ RUN ] app\admin\controller\EmptyController->index[ E:\www\hiv\app\admin\controller\EmptyController.php ]
[ info ] [ VIEW ] E:\www\hiv/app/admin\view\content\jiancedian.html [ array (
  0 => 'fields',
) ]
[ info ] [ LOG ] INIT File
---------------------------------------------------------------
[ 2018-03-08T23:10:24+08:00 ] 127.0.0.1 127.0.0.1 POST /admin/jiancedian/index.html
[ info ] test.hiv.com/admin/jiancedian/index.html [运行时间：0.696040s][吞吐率：1.44req/s] [内存消耗：2,121.48kb] [文件加载：57]
[ info ] [ LANG ] E:\www\hiv\think\lang\zh-cn.php
[ info ] [ ROUTE ] array (
  'type' => 'module',
  'module' => 
  array (
    0 => 'admin',
    1 => 'jiancedian',
    2 => 'index',
  ),
)
[ info ] [ HEADER ] array (
  'cookie' => 'skin=0; PHPSESSID=r5r6o4gm8e9iem8183ogdgu5s2; skin=0',
  'accept-language' => 'zh-CN,zh;q=0.8,en;q=0.6',
  'accept-encoding' => 'gzip, deflate',
  'referer' => 'http://test.hiv.com/admin/jiancedian/index/catid/22.html',
  'content-type' => 'application/x-www-form-urlencoded; charset=UTF-8',
  'user-agent' => 'Mozilla/5.0 (Windows NT 6.1; WOW64) AppleWebKit/537.36 (KHTML, like Gecko) Chrome/55.0.2883.87 Safari/537.36',
  'x-requested-with' => 'XMLHttpRequest',
  'origin' => 'http://test.hiv.com',
  'accept' => 'application/json, text/javascript, */*; q=0.01',
  'content-length' => '24',
  'connection' => 'close',
  'host' => 'test.hiv.com',
)
[ info ] [ PARAM ] array (
  'page' => '1',
  'limit' => '10',
  'catid' => '22',
)
[ info ] [ LANG ] E:\www\hiv/app/admin\lang\zh-cn.php
[ info ] [ SESSION ] INIT array (
  'id' => '',
  'var_session_id' => '',
  'prefix' => 'think',
  'type' => '',
  'auto_start' => true,
)
[ info ] [ DB ] INIT mysql
[ info ] [ RUN ] app\admin\controller\EmptyController->index[ E:\www\hiv\app\admin\controller\EmptyController.php ]
[ info ] [ LOG ] INIT File
[ sql ] [ DB ] CONNECT:[ UseTime:0.131008s ] mysql:dbname=aijiance;host=123.56.90.223;port=3306;charset=utf8
[ sql ] [ SQL ] SHOW COLUMNS FROM `ajc_category` [ RunTime:0.091005s ]
[ sql ] [ SQL ] SELECT `id` FROM `ajc_category` WHERE  `parentid` = 22 [ RunTime:0.090005s ]
[ sql ] [ SQL ] SHOW COLUMNS FROM `ajc_jiancedian` [ RunTime:0.090005s ]
[ sql ] [ SQL ] SHOW COLUMNS FROM `ajc_jiancedian` [ RunTime:0.091006s ]
[ sql ] [ SQL ] SELECT COUNT(*) AS tp_count FROM `ajc_jiancedian` WHERE  `catid` IN (22) LIMIT 1 [ RunTime:0.089005s ]
[ sql ] [ SQL ] SELECT * FROM `ajc_jiancedian` WHERE  `catid` IN (22) ORDER BY listorder asc,id desc LIMIT 0,10 [ RunTime:0.088005s ]
---------------------------------------------------------------
[ 2018-03-08T23:10:25+08:00 ] 127.0.0.1 127.0.0.1 GET /admin/jiancedian/add/catid/22.html
[ info ] test.hiv.com/admin/jiancedian/add/catid/22.html [运行时间：0.030002s][吞吐率：33.33req/s] [内存消耗：2,251.89kb] [文件加载：60]
[ info ] [ LANG ] E:\www\hiv\think\lang\zh-cn.php
[ info ] [ ROUTE ] array (
  'type' => 'module',
  'module' => 
  array (
    0 => 'admin',
    1 => 'jiancedian',
    2 => 'add',
  ),
)
[ info ] [ HEADER ] array (
  'cookie' => 'skin=0; skin=0; PHPSESSID=r5r6o4gm8e9iem8183ogdgu5s2; skin=0',
  'accept-language' => 'zh-CN,zh;q=0.8,en;q=0.6',
  'accept-encoding' => 'gzip, deflate, sdch',
  'referer' => 'http://test.hiv.com/admin/jiancedian/index/catid/22.html',
  'accept' => 'text/html,application/xhtml+xml,application/xml;q=0.9,image/webp,*/*;q=0.8',
  'user-agent' => 'Mozilla/5.0 (Windows NT 6.1; WOW64) AppleWebKit/537.36 (KHTML, like Gecko) Chrome/55.0.2883.87 Safari/537.36',
  'upgrade-insecure-requests' => '1',
  'connection' => 'close',
  'host' => 'test.hiv.com',
)
[ info ] [ PARAM ] array (
  'catid' => '22',
)
[ info ] [ LANG ] E:\www\hiv/app/admin\lang\zh-cn.php
[ info ] [ SESSION ] INIT array (
  'id' => '',
  'var_session_id' => '',
  'prefix' => 'think',
  'type' => '',
  'auto_start' => true,
)
[ info ] [ DB ] INIT mysql
[ info ] [ RUN ] app\admin\controller\EmptyController->add[ E:\www\hiv\app\admin\controller\EmptyController.php ]
[ info ] [ VIEW ] E:\www\hiv/app/admin\view\content\edit.html [ array (
  0 => 'fields',
  1 => 'form',
  2 => 'title',
) ]
[ info ] [ LOG ] INIT File
[ error ] [8]未定义变量: info[E:\www\hiv\runtime\temp\48ac63df5dd84ea4ab61f033a10c69c2.php:42]
[ error ] [8]未定义变量: info[E:\www\hiv\runtime\temp\48ac63df5dd84ea4ab61f033a10c69c2.php:79]
[ error ] [8]未定义变量: info[E:\www\hiv\runtime\temp\48ac63df5dd84ea4ab61f033a10c69c2.php:140]
[ error ] [8]未定义变量: info[E:\www\hiv\runtime\temp\48ac63df5dd84ea4ab61f033a10c69c2.php:144]
[ error ] [8]未定义变量: info[E:\www\hiv\runtime\temp\48ac63df5dd84ea4ab61f033a10c69c2.php:157]
[ error ] [8]未定义变量: info[E:\www\hiv\runtime\temp\48ac63df5dd84ea4ab61f033a10c69c2.php:161]
[ error ] [8]未定义数组索引: name[E:\www\hiv\extend\clt\Form.php:56]
[ error ] [8]未定义数组索引: thumb[E:\www\hiv\extend\clt\Form.php:59]
[ error ] [8]未定义变量: pattern[E:\www\hiv\extend\clt\Form.php:77]
[ error ] [8]未定义变量: pattern[E:\www\hiv\extend\clt\Form.php:144]
[ error ] [8]未定义变量: pattern[E:\www\hiv\extend\clt\Form.php:144]
[ error ] [8]未定义数组索引: labelwidth[E:\www\hiv\extend\clt\Form.php:338]
---------------------------------------------------------------
[ 2018-03-08T23:10:25+08:00 ] 127.0.0.1 127.0.0.1 GET /base/base/getRegion.html?pid=1&type=1
[ info ] test.hiv.com/base/base/getRegion.html?pid=1&type=1 [运行时间：0.253015s][吞吐率：3.95req/s] [内存消耗：1,860.55kb] [文件加载：45]
[ info ] [ LANG ] E:\www\hiv\think\lang\zh-cn.php
[ info ] [ ROUTE ] array (
  'type' => 'module',
  'module' => 
  array (
    0 => 'base',
    1 => 'base',
    2 => 'getRegion',
  ),
)
[ info ] [ HEADER ] array (
  'cookie' => 'PHPSESSID=r5r6o4gm8e9iem8183ogdgu5s2; skin=0',
  'accept-language' => 'zh-CN,zh;q=0.8,en;q=0.6',
  'accept-encoding' => 'gzip, deflate, sdch',
  'referer' => 'http://test.hiv.com/admin/jiancedian/add/catid/22.html',
  'user-agent' => 'Mozilla/5.0 (Windows NT 6.1; WOW64) AppleWebKit/537.36 (KHTML, like Gecko) Chrome/55.0.2883.87 Safari/537.36',
  'x-requested-with' => 'XMLHttpRequest',
  'accept' => 'application/json, text/javascript, */*; q=0.01',
  'connection' => 'close',
  'host' => 'test.hiv.com',
)
[ info ] [ PARAM ] array (
  'pid' => '1',
  'type' => '1',
)
[ info ] [ RUN ] app\base\controller\Base->getRegion[ E:\www\hiv\app\base\controller\Base.php ]
[ info ] [ DB ] INIT mysql
[ info ] [ LOG ] INIT File
[ sql ] [ DB ] CONNECT:[ UseTime:0.098006s ] mysql:dbname=aijiance;host=123.56.90.223;port=3306;charset=utf8
[ sql ] [ SQL ] SHOW COLUMNS FROM `ajc_region` [ RunTime:0.068004s ]
[ sql ] [ SQL ] SELECT * FROM `ajc_region` WHERE  `pid` = 1  AND `type` = 1 [ RunTime:0.066004s ]
---------------------------------------------------------------
[ 2018-03-08T23:10:26+08:00 ] 127.0.0.1 127.0.0.1 GET /base/base/getRegion.html?pid=&type=2
[ info ] test.hiv.com/base/base/getRegion.html?pid=&type=2 [运行时间：0.207012s][吞吐率：4.83req/s] [内存消耗：1,855.09kb] [文件加载：45]
[ info ] [ LANG ] E:\www\hiv\think\lang\zh-cn.php
[ info ] [ ROUTE ] array (
  'type' => 'module',
  'module' => 
  array (
    0 => 'base',
    1 => 'base',
    2 => 'getRegion',
  ),
)
[ info ] [ HEADER ] array (
  'cookie' => 'PHPSESSID=r5r6o4gm8e9iem8183ogdgu5s2; skin=0',
  'accept-language' => 'zh-CN,zh;q=0.8,en;q=0.6',
  'accept-encoding' => 'gzip, deflate, sdch',
  'referer' => 'http://test.hiv.com/admin/jiancedian/add/catid/22.html',
  'user-agent' => 'Mozilla/5.0 (Windows NT 6.1; WOW64) AppleWebKit/537.36 (KHTML, like Gecko) Chrome/55.0.2883.87 Safari/537.36',
  'x-requested-with' => 'XMLHttpRequest',
  'accept' => 'application/json, text/javascript, */*; q=0.01',
  'connection' => 'close',
  'host' => 'test.hiv.com',
)
[ info ] [ PARAM ] array (
  'pid' => '',
  'type' => '2',
)
[ info ] [ RUN ] app\base\controller\Base->getRegion[ E:\www\hiv\app\base\controller\Base.php ]
[ info ] [ DB ] INIT mysql
[ info ] [ LOG ] INIT File
[ sql ] [ DB ] CONNECT:[ UseTime:0.077005s ] mysql:dbname=aijiance;host=123.56.90.223;port=3306;charset=utf8
[ sql ] [ SQL ] SHOW COLUMNS FROM `ajc_region` [ RunTime:0.054003s ]
[ sql ] [ SQL ] SELECT * FROM `ajc_region` WHERE  `pid` = 0  AND `type` = 2 [ RunTime:0.053003s ]
---------------------------------------------------------------
[ 2018-03-08T23:10:27+08:00 ] 127.0.0.1 127.0.0.1 GET /base/base/getRegion.html?pid=&type=3
[ info ] test.hiv.com/base/base/getRegion.html?pid=&type=3 [运行时间：0.291017s][吞吐率：3.44req/s] [内存消耗：1,855.09kb] [文件加载：45]
[ info ] [ LANG ] E:\www\hiv\think\lang\zh-cn.php
[ info ] [ ROUTE ] array (
  'type' => 'module',
  'module' => 
  array (
    0 => 'base',
    1 => 'base',
    2 => 'getRegion',
  ),
)
[ info ] [ HEADER ] array (
  'cookie' => 'PHPSESSID=r5r6o4gm8e9iem8183ogdgu5s2; skin=0',
  'accept-language' => 'zh-CN,zh;q=0.8,en;q=0.6',
  'accept-encoding' => 'gzip, deflate, sdch',
  'referer' => 'http://test.hiv.com/admin/jiancedian/add/catid/22.html',
  'user-agent' => 'Mozilla/5.0 (Windows NT 6.1; WOW64) AppleWebKit/537.36 (KHTML, like Gecko) Chrome/55.0.2883.87 Safari/537.36',
  'x-requested-with' => 'XMLHttpRequest',
  'accept' => 'application/json, text/javascript, */*; q=0.01',
  'connection' => 'close',
  'host' => 'test.hiv.com',
)
[ info ] [ PARAM ] array (
  'pid' => '',
  'type' => '3',
)
[ info ] [ RUN ] app\base\controller\Base->getRegion[ E:\www\hiv\app\base\controller\Base.php ]
[ info ] [ DB ] INIT mysql
[ info ] [ LOG ] INIT File
[ sql ] [ DB ] CONNECT:[ UseTime:0.113007s ] mysql:dbname=aijiance;host=123.56.90.223;port=3306;charset=utf8
[ sql ] [ SQL ] SHOW COLUMNS FROM `ajc_region` [ RunTime:0.078004s ]
[ sql ] [ SQL ] SELECT * FROM `ajc_region` WHERE  `pid` = 0  AND `type` = 3 [ RunTime:0.077005s ]
---------------------------------------------------------------
[ 2018-03-08T23:10:28+08:00 ] 127.0.0.1 127.0.0.1 GET /base/base/getRegion.html?pid=6&type=2
[ info ] test.hiv.com/base/base/getRegion.html?pid=6&type=2 [运行时间：0.257015s][吞吐率：3.89req/s] [内存消耗：1,858.44kb] [文件加载：45]
[ info ] [ LANG ] E:\www\hiv\think\lang\zh-cn.php
[ info ] [ ROUTE ] array (
  'type' => 'module',
  'module' => 
  array (
    0 => 'base',
    1 => 'base',
    2 => 'getRegion',
  ),
)
[ info ] [ HEADER ] array (
  'cookie' => 'PHPSESSID=r5r6o4gm8e9iem8183ogdgu5s2; skin=0',
  'accept-language' => 'zh-CN,zh;q=0.8,en;q=0.6',
  'accept-encoding' => 'gzip, deflate, sdch',
  'referer' => 'http://test.hiv.com/admin/jiancedian/add/catid/22.html',
  'user-agent' => 'Mozilla/5.0 (Windows NT 6.1; WOW64) AppleWebKit/537.36 (KHTML, like Gecko) Chrome/55.0.2883.87 Safari/537.36',
  'x-requested-with' => 'XMLHttpRequest',
  'accept' => 'application/json, text/javascript, */*; q=0.01',
  'connection' => 'close',
  'host' => 'test.hiv.com',
)
[ info ] [ PARAM ] array (
  'pid' => '6',
  'type' => '2',
)
[ info ] [ RUN ] app\base\controller\Base->getRegion[ E:\www\hiv\app\base\controller\Base.php ]
[ info ] [ DB ] INIT mysql
[ info ] [ LOG ] INIT File
[ sql ] [ DB ] CONNECT:[ UseTime:0.096006s ] mysql:dbname=aijiance;host=123.56.90.223;port=3306;charset=utf8
[ sql ] [ SQL ] SHOW COLUMNS FROM `ajc_region` [ RunTime:0.068004s ]
[ sql ] [ SQL ] SELECT * FROM `ajc_region` WHERE  `pid` = 6  AND `type` = 2 [ RunTime:0.071004s ]
---------------------------------------------------------------
[ 2018-03-08T23:10:29+08:00 ] 127.0.0.1 127.0.0.1 GET /base/base/getRegion.html?pid=78&type=3
[ info ] test.hiv.com/base/base/getRegion.html?pid=78&type=3 [运行时间：0.268016s][吞吐率：3.73req/s] [内存消耗：1,855.53kb] [文件加载：45]
[ info ] [ LANG ] E:\www\hiv\think\lang\zh-cn.php
[ info ] [ ROUTE ] array (
  'type' => 'module',
  'module' => 
  array (
    0 => 'base',
    1 => 'base',
    2 => 'getRegion',
  ),
)
[ info ] [ HEADER ] array (
  'cookie' => 'PHPSESSID=r5r6o4gm8e9iem8183ogdgu5s2; skin=0',
  'accept-language' => 'zh-CN,zh;q=0.8,en;q=0.6',
  'accept-encoding' => 'gzip, deflate, sdch',
  'referer' => 'http://test.hiv.com/admin/jiancedian/add/catid/22.html',
  'user-agent' => 'Mozilla/5.0 (Windows NT 6.1; WOW64) AppleWebKit/537.36 (KHTML, like Gecko) Chrome/55.0.2883.87 Safari/537.36',
  'x-requested-with' => 'XMLHttpRequest',
  'accept' => 'application/json, text/javascript, */*; q=0.01',
  'connection' => 'close',
  'host' => 'test.hiv.com',
)
[ info ] [ PARAM ] array (
  'pid' => '78',
  'type' => '3',
)
[ info ] [ RUN ] app\base\controller\Base->getRegion[ E:\www\hiv\app\base\controller\Base.php ]
[ info ] [ DB ] INIT mysql
[ info ] [ LOG ] INIT File
[ sql ] [ DB ] CONNECT:[ UseTime:0.104006s ] mysql:dbname=aijiance;host=123.56.90.223;port=3306;charset=utf8
[ sql ] [ SQL ] SHOW COLUMNS FROM `ajc_region` [ RunTime:0.073004s ]
[ sql ] [ SQL ] SELECT * FROM `ajc_region` WHERE  `pid` = 78  AND `type` = 3 [ RunTime:0.071004s ]
---------------------------------------------------------------
[ 2018-03-08T23:10:40+08:00 ] 127.0.0.1 127.0.0.1 POST /admin/jiancedian/insert.html
[ info ] test.hiv.com/admin/jiancedian/insert.html [运行时间：0.272016s][吞吐率：3.68req/s] [内存消耗：2,098.40kb] [文件加载：58]
[ info ] [ LANG ] E:\www\hiv\think\lang\zh-cn.php
[ info ] [ ROUTE ] array (
  'type' => 'module',
  'module' => 
  array (
    0 => 'admin',
    1 => 'jiancedian',
    2 => 'insert',
  ),
)
[ info ] [ HEADER ] array (
  'cookie' => 'skin=0; PHPSESSID=r5r6o4gm8e9iem8183ogdgu5s2; skin=0',
  'accept-language' => 'zh-CN,zh;q=0.8,en;q=0.6',
  'accept-encoding' => 'gzip, deflate',
  'referer' => 'http://test.hiv.com/admin/jiancedian/add/catid/22.html',
  'content-type' => 'application/x-www-form-urlencoded; charset=UTF-8',
  'user-agent' => 'Mozilla/5.0 (Windows NT 6.1; WOW64) AppleWebKit/537.36 (KHTML, like Gecko) Chrome/55.0.2883.87 Safari/537.36',
  'x-requested-with' => 'XMLHttpRequest',
  'origin' => 'http://test.hiv.com',
  'accept' => '*/*',
  'content-length' => '182',
  'connection' => 'close',
  'host' => 'test.hiv.com',
)
[ info ] [ PARAM ] array (
  'province' => '6',
  'city' => '78',
  'district' => '713',
  'name' => '1234',
  'address' => '1234',
  'phone' => '1234',
  'service_time' => '1234',
  'jiance_way' => '1234',
  'jiance_explation' => '1234',
  'longitude' => '1234',
  'latitude' => '1234',
  'is_recommend' => '2',
  'status' => '1',
  'images' => '',
)
[ info ] [ LANG ] E:\www\hiv/app/admin\lang\zh-cn.php
[ info ] [ SESSION ] INIT array (
  'id' => '',
  'var_session_id' => '',
  'prefix' => 'think',
  'type' => '',
  'auto_start' => true,
)
[ info ] [ DB ] INIT mysql
[ info ] [ RUN ] app\admin\controller\EmptyController->insert[ E:\www\hiv\app\admin\controller\EmptyController.php ]
[ info ] [ LOG ] INIT File
[ error ] [8]未定义数组索引: createtime[E:\www\hiv\app\admin\controller\EmptyController.php:254]
[ error ] [8]未定义数组索引: updatetime[E:\www\hiv\app\admin\controller\EmptyController.php:257]
[ error ] [8]未定义数组索引: updatetime[E:\www\hiv\app\admin\controller\EmptyController.php:261]
[ error ] [8]未定义数组索引: title[E:\www\hiv\app\admin\controller\EmptyController.php:281]
[ error ] [8]未定义数组索引: aid[E:\www\hiv\app\admin\controller\EmptyController.php:285]
[ error ] [8]未定义数组索引: catid[E:\www\hiv\app\admin\controller\EmptyController.php:301]
[ error ] [8]未定义数组索引: catid[E:\www\hiv\app\admin\controller\EmptyController.php:314]
[ sql ] [ DB ] CONNECT:[ UseTime:0.106006s ] mysql:dbname=aijiance;host=123.56.90.223;port=3306;charset=utf8
[ sql ] [ SQL ] SHOW COLUMNS FROM `ajc_jiancedian` [ RunTime:0.073004s ]
[ sql ] [ SQL ] INSERT INTO `ajc_jiancedian` (`province` , `city` , `district` , `name` , `address` , `phone` , `service_time` , `jiance_way` , `jiance_explation` , `longitude` , `latitude` , `is_recommend` , `status` , `userid` , `username`) VALUES (6 , 78 , 713 , '1234' , '1234' , '1234' , '1234' , '1234' , '1234' , 1234 , 1234 , '2' , 1 , 1 , 'siyizhen') [ RunTime:0.070004s ]
---------------------------------------------------------------
[ 2018-03-08T23:10:42+08:00 ] 127.0.0.1 127.0.0.1 GET /admin/Jiancedian/index.html
[ info ] test.hiv.com/admin/Jiancedian/index.html [运行时间：0.022001s][吞吐率：45.45req/s] [内存消耗：1,990.23kb] [文件加载：54]
[ info ] [ LANG ] E:\www\hiv\think\lang\zh-cn.php
[ info ] [ ROUTE ] array (
  'type' => 'module',
  'module' => 
  array (
    0 => 'admin',
    1 => 'Jiancedian',
    2 => 'index',
  ),
)
[ info ] [ HEADER ] array (
  'cookie' => 'skin=0; PHPSESSID=r5r6o4gm8e9iem8183ogdgu5s2; skin=0',
  'accept-language' => 'zh-CN,zh;q=0.8,en;q=0.6',
  'accept-encoding' => 'gzip, deflate, sdch',
  'referer' => 'http://test.hiv.com/admin/jiancedian/add/catid/22.html',
  'accept' => 'text/html,application/xhtml+xml,application/xml;q=0.9,image/webp,*/*;q=0.8',
  'user-agent' => 'Mozilla/5.0 (Windows NT 6.1; WOW64) AppleWebKit/537.36 (KHTML, like Gecko) Chrome/55.0.2883.87 Safari/537.36',
  'upgrade-insecure-requests' => '1',
  'connection' => 'close',
  'host' => 'test.hiv.com',
)
[ info ] [ PARAM ] array (
)
[ info ] [ LANG ] E:\www\hiv/app/admin\lang\zh-cn.php
[ info ] [ SESSION ] INIT array (
  'id' => '',
  'var_session_id' => '',
  'prefix' => 'think',
  'type' => '',
  'auto_start' => true,
)
[ info ] [ DB ] INIT mysql
[ info ] [ RUN ] app\admin\controller\EmptyController->index[ E:\www\hiv\app\admin\controller\EmptyController.php ]
[ info ] [ VIEW ] E:\www\hiv/app/admin\view\content\jiancedian.html [ array (
  0 => 'fields',
) ]
[ info ] [ LOG ] INIT File
---------------------------------------------------------------
[ 2018-03-08T23:10:43+08:00 ] 127.0.0.1 127.0.0.1 POST /admin/jiancedian/index.html
[ info ] test.hiv.com/admin/jiancedian/index.html [运行时间：0.865049s][吞吐率：1.16req/s] [内存消耗：2,540.95kb] [文件加载：63]
[ info ] [ LANG ] E:\www\hiv\think\lang\zh-cn.php
[ info ] [ ROUTE ] array (
  'type' => 'module',
  'module' => 
  array (
    0 => 'admin',
    1 => 'jiancedian',
    2 => 'index',
  ),
)
[ info ] [ HEADER ] array (
  'cookie' => 'skin=0; PHPSESSID=r5r6o4gm8e9iem8183ogdgu5s2; skin=0',
  'accept-language' => 'zh-CN,zh;q=0.8,en;q=0.6',
  'accept-encoding' => 'gzip, deflate',
  'referer' => 'http://test.hiv.com/admin/Jiancedian/index.html',
  'content-type' => 'application/x-www-form-urlencoded; charset=UTF-8',
  'user-agent' => 'Mozilla/5.0 (Windows NT 6.1; WOW64) AppleWebKit/537.36 (KHTML, like Gecko) Chrome/55.0.2883.87 Safari/537.36',
  'x-requested-with' => 'XMLHttpRequest',
  'origin' => 'http://test.hiv.com',
  'accept' => 'application/json, text/javascript, */*; q=0.01',
  'content-length' => '22',
  'connection' => 'close',
  'host' => 'test.hiv.com',
)
[ info ] [ PARAM ] array (
  'page' => '1',
  'limit' => '10',
  'catid' => '',
)
[ info ] [ LANG ] E:\www\hiv/app/admin\lang\zh-cn.php
[ info ] [ SESSION ] INIT array (
  'id' => '',
  'var_session_id' => '',
  'prefix' => 'think',
  'type' => '',
  'auto_start' => true,
)
[ info ] [ DB ] INIT mysql
[ info ] [ RUN ] app\admin\controller\EmptyController->index[ E:\www\hiv\app\admin\controller\EmptyController.php ]
[ info ] [ CACHE ] INIT File
[ info ] [ LOG ] INIT File
[ sql ] [ DB ] CONNECT:[ UseTime:0.136008s ] mysql:dbname=aijiance;host=123.56.90.223;port=3306;charset=utf8
[ sql ] [ SQL ] SHOW COLUMNS FROM `ajc_jiancedian` [ RunTime:0.094005s ]
[ sql ] [ SQL ] SHOW COLUMNS FROM `ajc_jiancedian` [ RunTime:0.094006s ]
[ sql ] [ SQL ] SELECT COUNT(*) AS tp_count FROM `ajc_jiancedian` WHERE  `catid` IN (0) LIMIT 1 [ RunTime:0.091005s ]
[ sql ] [ SQL ] SELECT * FROM `ajc_jiancedian` WHERE  `catid` IN (0) ORDER BY listorder asc,id desc LIMIT 0,10 [ RunTime:0.091005s ]
[ sql ] [ SQL ] SHOW COLUMNS FROM `ajc_region` [ RunTime:0.092006s ]
[ sql ] [ SQL ] SELECT `id`,`name` FROM `ajc_region` [ RunTime:0.231013s ]
[ error ] [8]未定义变量: catid[E:\www\hiv\app\admin\controller\EmptyController.php:49]
